<?xml version="1.0" encoding="UTF-8"?>
<!-- Generated by org.testng.reporters.JUnitXMLReporter -->
<testsuite ignored="0" hostname="DESKTOP-9L0A953" failures="0" tests="4" name="Default test" time="9.803" errors="0" timestamp="2023-06-05T11:54:37 IST">
  <testcase classname="api.test.UserTests_Properties" name="testPostUser" time="3.819"/>
  <testcase classname="api.test.UserTests_Properties" name="testGetUser" time="1.654"/>
  <testcase classname="api.test.UserTests_Properties" name="testUpdateUser" time="1.637"/>
  <testcase classname="api.test.UserTests_Properties" name="testDeleteUser" time="1.638"/>
</testsuite> <!-- Default test -->
