<?xml version="1.0" encoding="UTF-8"?>
<!-- Generated by org.testng.reporters.JUnitXMLReporter -->
<testsuite ignored="0" hostname="DESKTOP-9L0A953" failures="0" tests="14" name="Test" time="27.17" errors="0" timestamp="2023-06-05T12:15:24 IST">
  <testcase classname="api.test.UserTests_Properties" name="testPostUser" time="3.841"/>
  <testcase classname="api.test.UserTests_Properties" name="testGetUser" time="1.575"/>
  <testcase classname="api.test.UserTests_Properties" name="testUpdateUser" time="1.629"/>
  <testcase classname="api.test.UserTests_Properties" name="testDeleteUser" time="1.534"/>
  <testcase classname="api.test.UserTests" name="testPostUser" time="1.653"/>
  <testcase classname="api.test.UserTests" name="testGetUser" time="1.634"/>
  <testcase classname="api.test.UserTests" name="testUpdateUser" time="1.631"/>
  <testcase classname="api.test.UserTests" name="testDeleteUser" time="1.625"/>
  <testcase classname="api.test.DDTest" name="testPostUsers" time="1.608"/>
  <testcase classname="api.test.DDTest" name="testPostUsers" time="1.534"/>
  <testcase classname="api.test.DDTest" name="testPostUsers" time="1.528"/>
  <testcase classname="api.test.DDTest" name="testDeleteusers" time="1.569"/>
  <testcase classname="api.test.DDTest" name="testDeleteusers" time="1.738"/>
  <testcase classname="api.test.DDTest" name="testDeleteusers" time="1.535"/>
</testsuite> <!-- Test -->
