<?xml version="1.0" encoding="UTF-8"?>
<!-- Generated by org.testng.reporters.JUnitXMLReporter -->
<testsuite ignored="0" hostname="DESKTOP-9L0A953" failures="0" tests="14" name="Test" time="24.694" errors="0" timestamp="2023-06-05T12:33:22 IST">
  <testcase classname="api.test.UserTests_Properties" name="testPostUser" time="3.576"/>
  <testcase classname="api.test.UserTests_Properties" name="testGetUser" time="1.464"/>
  <testcase classname="api.test.UserTests_Properties" name="testUpdateUser" time="1.459"/>
  <testcase classname="api.test.UserTests_Properties" name="testDeleteUser" time="1.392"/>
  <testcase classname="api.test.UserTests" name="testPostUser" time="1.467"/>
  <testcase classname="api.test.UserTests" name="testGetUser" time="1.418"/>
  <testcase classname="api.test.UserTests" name="testUpdateUser" time="1.428"/>
  <testcase classname="api.test.UserTests" name="testDeleteUser" time="1.395"/>
  <testcase classname="api.test.DDTest" name="testPostUsers" time="1.424"/>
  <testcase classname="api.test.DDTest" name="testPostUsers" time="1.458"/>
  <testcase classname="api.test.DDTest" name="testPostUsers" time="1.427"/>
  <testcase classname="api.test.DDTest" name="testDeleteusers" time="1.441"/>
  <testcase classname="api.test.DDTest" name="testDeleteusers" time="1.44"/>
  <testcase classname="api.test.DDTest" name="testDeleteusers" time="1.402"/>
</testsuite> <!-- Test -->
