<?xml version="1.0" encoding="UTF-8"?>
<!-- Generated by org.testng.reporters.JUnitXMLReporter -->
<testsuite ignored="0" hostname="DESKTOP-9L0A953" failures="0" tests="14" name="Test" time="24.406" errors="0" timestamp="2023-06-05T13:21:16 IST">
  <testcase classname="api.test.UserTests_Properties" name="testPostUser" time="3.284"/>
  <testcase classname="api.test.UserTests_Properties" name="testGetUser" time="1.437"/>
  <testcase classname="api.test.UserTests_Properties" name="testUpdateUser" time="1.394"/>
  <testcase classname="api.test.UserTests_Properties" name="testDeleteUser" time="1.413"/>
  <testcase classname="api.test.UserTests" name="testPostUser" time="1.428"/>
  <testcase classname="api.test.UserTests" name="testGetUser" time="1.434"/>
  <testcase classname="api.test.UserTests" name="testUpdateUser" time="1.439"/>
  <testcase classname="api.test.UserTests" name="testDeleteUser" time="1.432"/>
  <testcase classname="api.test.DDTest" name="testPostUsers" time="1.435"/>
  <testcase classname="api.test.DDTest" name="testPostUsers" time="1.415"/>
  <testcase classname="api.test.DDTest" name="testPostUsers" time="1.494"/>
  <testcase classname="api.test.DDTest" name="testDeleteusers" time="1.377"/>
  <testcase classname="api.test.DDTest" name="testDeleteusers" time="1.411"/>
  <testcase classname="api.test.DDTest" name="testDeleteusers" time="1.424"/>
</testsuite> <!-- Test -->
