<?xml version="1.0" encoding="UTF-8"?>
<testng-results ignored="0" total="14" passed="14" failed="0" skipped="0">
  <reporter-output>
  </reporter-output>
  <suite started-at="2023-06-05T12:32:57 IST" name="Suite" finished-at="2023-06-05T12:33:22 IST" duration-ms="24694">
    <groups>
    </groups>
    <test started-at="2023-06-05T12:32:57 IST" name="Test" finished-at="2023-06-05T12:33:22 IST" duration-ms="24694">
      <class name="api.test.UserTests_Properties">
        <test-method is-config="true" signature="setUp()[pri:0, instance:api.test.UserTests_Properties@6eda5c9]" started-at="2023-06-05T12:32:57 IST" name="setUp" finished-at="2023-06-05T12:32:58 IST" duration-ms="840" status="PASS">
          <reporter-output>
          </reporter-output>
        </test-method> <!-- setUp -->
        <test-method signature="testPostUser()[pri:1, instance:api.test.UserTests_Properties@6eda5c9]" started-at="2023-06-05T12:32:58 IST" name="testPostUser" finished-at="2023-06-05T12:33:02 IST" duration-ms="3576" status="PASS">
          <reporter-output>
          </reporter-output>
        </test-method> <!-- testPostUser -->
        <test-method signature="testGetUser()[pri:2, instance:api.test.UserTests_Properties@6eda5c9]" started-at="2023-06-05T12:33:02 IST" name="testGetUser" finished-at="2023-06-05T12:33:03 IST" duration-ms="1464" status="PASS">
          <reporter-output>
          </reporter-output>
        </test-method> <!-- testGetUser -->
        <test-method signature="testUpdateUser()[pri:3, instance:api.test.UserTests_Properties@6eda5c9]" started-at="2023-06-05T12:33:03 IST" name="testUpdateUser" finished-at="2023-06-05T12:33:05 IST" duration-ms="1459" status="PASS">
          <reporter-output>
          </reporter-output>
        </test-method> <!-- testUpdateUser -->
        <test-method signature="testDeleteUser()[pri:4, instance:api.test.UserTests_Properties@6eda5c9]" started-at="2023-06-05T12:33:05 IST" name="testDeleteUser" finished-at="2023-06-05T12:33:06 IST" duration-ms="1392" status="PASS">
          <reporter-output>
          </reporter-output>
        </test-method> <!-- testDeleteUser -->
      </class> <!-- api.test.UserTests_Properties -->
      <class name="api.test.DDTest">
        <test-method signature="testPostUsers(java.lang.String,java.lang.String,java.lang.String,java.lang.String,java.lang.String,java.lang.String,java.lang.String)[pri:1, instance:api.test.DDTest@479d31f3]" started-at="2023-06-05T12:33:13 IST" name="testPostUsers" data-provider="data" finished-at="2023-06-05T12:33:14 IST" duration-ms="1424" status="PASS">
          <params>
            <param index="0">
              <value>
                <![CDATA[1011]]>
              </value>
            </param>
            <param index="1">
              <value>
                <![CDATA[testuser1]]>
              </value>
            </param>
            <param index="2">
              <value>
                <![CDATA[viji]]>
              </value>
            </param>
            <param index="3">
              <value>
                <![CDATA[reddy]]>
              </value>
            </param>
            <param index="4">
              <value>
                <![CDATA[asd@gmail.com]]>
              </value>
            </param>
            <param index="5">
              <value>
                <![CDATA[test@4]]>
              </value>
            </param>
            <param index="6">
              <value>
                <![CDATA[1234567899]]>
              </value>
            </param>
          </params>
          <reporter-output>
          </reporter-output>
        </test-method> <!-- testPostUsers -->
        <test-method signature="testPostUsers(java.lang.String,java.lang.String,java.lang.String,java.lang.String,java.lang.String,java.lang.String,java.lang.String)[pri:1, instance:api.test.DDTest@479d31f3]" started-at="2023-06-05T12:33:14 IST" name="testPostUsers" data-provider="data" finished-at="2023-06-05T12:33:16 IST" duration-ms="1458" status="PASS">
          <params>
            <param index="0">
              <value>
                <![CDATA[1021]]>
              </value>
            </param>
            <param index="1">
              <value>
                <![CDATA[testuser2]]>
              </value>
            </param>
            <param index="2">
              <value>
                <![CDATA[ravi]]>
              </value>
            </param>
            <param index="3">
              <value>
                <![CDATA[sharma]]>
              </value>
            </param>
            <param index="4">
              <value>
                <![CDATA[cvd@gmail.com]]>
              </value>
            </param>
            <param index="5">
              <value>
                <![CDATA[test@5]]>
              </value>
            </param>
            <param index="6">
              <value>
                <![CDATA[1234567898]]>
              </value>
            </param>
          </params>
          <reporter-output>
          </reporter-output>
        </test-method> <!-- testPostUsers -->
        <test-method signature="testPostUsers(java.lang.String,java.lang.String,java.lang.String,java.lang.String,java.lang.String,java.lang.String,java.lang.String)[pri:1, instance:api.test.DDTest@479d31f3]" started-at="2023-06-05T12:33:16 IST" name="testPostUsers" data-provider="data" finished-at="2023-06-05T12:33:17 IST" duration-ms="1427" status="PASS">
          <params>
            <param index="0">
              <value>
                <![CDATA[1031]]>
              </value>
            </param>
            <param index="1">
              <value>
                <![CDATA[testuser3]]>
              </value>
            </param>
            <param index="2">
              <value>
                <![CDATA[mahi]]>
              </value>
            </param>
            <param index="3">
              <value>
                <![CDATA[steve]]>
              </value>
            </param>
            <param index="4">
              <value>
                <![CDATA[hjb@gmail.com]]>
              </value>
            </param>
            <param index="5">
              <value>
                <![CDATA[test@6]]>
              </value>
            </param>
            <param index="6">
              <value>
                <![CDATA[1234567896]]>
              </value>
            </param>
          </params>
          <reporter-output>
          </reporter-output>
        </test-method> <!-- testPostUsers -->
        <test-method signature="testDeleteusers(java.lang.String)[pri:2, instance:api.test.DDTest@479d31f3]" started-at="2023-06-05T12:33:17 IST" name="testDeleteusers" data-provider="UserNames" finished-at="2023-06-05T12:33:19 IST" duration-ms="1441" status="PASS">
          <params>
            <param index="0">
              <value>
                <![CDATA[testuser1]]>
              </value>
            </param>
          </params>
          <reporter-output>
          </reporter-output>
        </test-method> <!-- testDeleteusers -->
        <test-method signature="testDeleteusers(java.lang.String)[pri:2, instance:api.test.DDTest@479d31f3]" started-at="2023-06-05T12:33:19 IST" name="testDeleteusers" data-provider="UserNames" finished-at="2023-06-05T12:33:20 IST" duration-ms="1440" status="PASS">
          <params>
            <param index="0">
              <value>
                <![CDATA[testuser2]]>
              </value>
            </param>
          </params>
          <reporter-output>
          </reporter-output>
        </test-method> <!-- testDeleteusers -->
        <test-method signature="testDeleteusers(java.lang.String)[pri:2, instance:api.test.DDTest@479d31f3]" started-at="2023-06-05T12:33:20 IST" name="testDeleteusers" data-provider="UserNames" finished-at="2023-06-05T12:33:22 IST" duration-ms="1402" status="PASS">
          <params>
            <param index="0">
              <value>
                <![CDATA[testuser3]]>
              </value>
            </param>
          </params>
          <reporter-output>
          </reporter-output>
        </test-method> <!-- testDeleteusers -->
      </class> <!-- api.test.DDTest -->
      <class name="api.test.UserTests">
        <test-method is-config="true" signature="setUp()[pri:0, instance:api.test.UserTests@333291e3]" started-at="2023-06-05T12:33:06 IST" name="setUp" finished-at="2023-06-05T12:33:06 IST" duration-ms="71" status="PASS">
          <reporter-output>
          </reporter-output>
        </test-method> <!-- setUp -->
        <test-method signature="testPostUser()[pri:1, instance:api.test.UserTests@333291e3]" started-at="2023-06-05T12:33:06 IST" name="testPostUser" finished-at="2023-06-05T12:33:08 IST" duration-ms="1467" status="PASS">
          <reporter-output>
          </reporter-output>
        </test-method> <!-- testPostUser -->
        <test-method signature="testGetUser()[pri:2, instance:api.test.UserTests@333291e3]" started-at="2023-06-05T12:33:08 IST" name="testGetUser" finished-at="2023-06-05T12:33:09 IST" duration-ms="1418" status="PASS">
          <reporter-output>
          </reporter-output>
        </test-method> <!-- testGetUser -->
        <test-method signature="testUpdateUser()[pri:3, instance:api.test.UserTests@333291e3]" started-at="2023-06-05T12:33:09 IST" name="testUpdateUser" finished-at="2023-06-05T12:33:10 IST" duration-ms="1428" status="PASS">
          <reporter-output>
          </reporter-output>
        </test-method> <!-- testUpdateUser -->
        <test-method signature="testDeleteUser()[pri:4, instance:api.test.UserTests@333291e3]" started-at="2023-06-05T12:33:10 IST" name="testDeleteUser" finished-at="2023-06-05T12:33:12 IST" duration-ms="1395" status="PASS">
          <reporter-output>
          </reporter-output>
        </test-method> <!-- testDeleteUser -->
      </class> <!-- api.test.UserTests -->
    </test> <!-- Test -->
  </suite> <!-- Suite -->
</testng-results>
