<?xml version="1.0" encoding="UTF-8"?>
<testng-results ignored="0" total="14" passed="14" failed="0" skipped="0">
  <reporter-output>
  </reporter-output>
  <suite started-at="2023-06-05T13:20:51 IST" name="Suite" finished-at="2023-06-05T13:21:15 IST" duration-ms="24406">
    <groups>
    </groups>
    <test started-at="2023-06-05T13:20:51 IST" name="Test" finished-at="2023-06-05T13:21:15 IST" duration-ms="24406">
      <class name="api.test.UserTests_Properties">
        <test-method is-config="true" signature="setUp()[pri:0, instance:api.test.UserTests_Properties@6eda5c9]" started-at="2023-06-05T13:20:51 IST" name="setUp" finished-at="2023-06-05T13:20:52 IST" duration-ms="983" status="PASS">
          <reporter-output>
          </reporter-output>
        </test-method> <!-- setUp -->
        <test-method signature="testPostUser()[pri:1, instance:api.test.UserTests_Properties@6eda5c9]" started-at="2023-06-05T13:20:52 IST" name="testPostUser" finished-at="2023-06-05T13:20:56 IST" duration-ms="3284" status="PASS">
          <reporter-output>
          </reporter-output>
        </test-method> <!-- testPostUser -->
        <test-method signature="testGetUser()[pri:2, instance:api.test.UserTests_Properties@6eda5c9]" started-at="2023-06-05T13:20:56 IST" name="testGetUser" finished-at="2023-06-05T13:20:57 IST" duration-ms="1437" status="PASS">
          <reporter-output>
          </reporter-output>
        </test-method> <!-- testGetUser -->
        <test-method signature="testUpdateUser()[pri:3, instance:api.test.UserTests_Properties@6eda5c9]" started-at="2023-06-05T13:20:57 IST" name="testUpdateUser" finished-at="2023-06-05T13:20:58 IST" duration-ms="1394" status="PASS">
          <reporter-output>
          </reporter-output>
        </test-method> <!-- testUpdateUser -->
        <test-method signature="testDeleteUser()[pri:4, instance:api.test.UserTests_Properties@6eda5c9]" started-at="2023-06-05T13:20:58 IST" name="testDeleteUser" finished-at="2023-06-05T13:21:00 IST" duration-ms="1413" status="PASS">
          <reporter-output>
          </reporter-output>
        </test-method> <!-- testDeleteUser -->
      </class> <!-- api.test.UserTests_Properties -->
      <class name="api.test.DDTest">
        <test-method signature="testPostUsers(java.lang.String,java.lang.String,java.lang.String,java.lang.String,java.lang.String,java.lang.String,java.lang.String)[pri:1, instance:api.test.DDTest@479d31f3]" started-at="2023-06-05T13:21:07 IST" name="testPostUsers" data-provider="data" finished-at="2023-06-05T13:21:08 IST" duration-ms="1435" status="PASS">
          <params>
            <param index="0">
              <value>
                <![CDATA[1011]]>
              </value>
            </param>
            <param index="1">
              <value>
                <![CDATA[testuser1]]>
              </value>
            </param>
            <param index="2">
              <value>
                <![CDATA[viji]]>
              </value>
            </param>
            <param index="3">
              <value>
                <![CDATA[reddy]]>
              </value>
            </param>
            <param index="4">
              <value>
                <![CDATA[asd@gmail.com]]>
              </value>
            </param>
            <param index="5">
              <value>
                <![CDATA[test@4]]>
              </value>
            </param>
            <param index="6">
              <value>
                <![CDATA[1234567899]]>
              </value>
            </param>
          </params>
          <reporter-output>
          </reporter-output>
        </test-method> <!-- testPostUsers -->
        <test-method signature="testPostUsers(java.lang.String,java.lang.String,java.lang.String,java.lang.String,java.lang.String,java.lang.String,java.lang.String)[pri:1, instance:api.test.DDTest@479d31f3]" started-at="2023-06-05T13:21:08 IST" name="testPostUsers" data-provider="data" finished-at="2023-06-05T13:21:10 IST" duration-ms="1415" status="PASS">
          <params>
            <param index="0">
              <value>
                <![CDATA[1021]]>
              </value>
            </param>
            <param index="1">
              <value>
                <![CDATA[testuser2]]>
              </value>
            </param>
            <param index="2">
              <value>
                <![CDATA[ravi]]>
              </value>
            </param>
            <param index="3">
              <value>
                <![CDATA[sharma]]>
              </value>
            </param>
            <param index="4">
              <value>
                <![CDATA[cvd@gmail.com]]>
              </value>
            </param>
            <param index="5">
              <value>
                <![CDATA[test@5]]>
              </value>
            </param>
            <param index="6">
              <value>
                <![CDATA[1234567898]]>
              </value>
            </param>
          </params>
          <reporter-output>
          </reporter-output>
        </test-method> <!-- testPostUsers -->
        <test-method signature="testPostUsers(java.lang.String,java.lang.String,java.lang.String,java.lang.String,java.lang.String,java.lang.String,java.lang.String)[pri:1, instance:api.test.DDTest@479d31f3]" started-at="2023-06-05T13:21:10 IST" name="testPostUsers" data-provider="data" finished-at="2023-06-05T13:21:11 IST" duration-ms="1494" status="PASS">
          <params>
            <param index="0">
              <value>
                <![CDATA[1031]]>
              </value>
            </param>
            <param index="1">
              <value>
                <![CDATA[testuser3]]>
              </value>
            </param>
            <param index="2">
              <value>
                <![CDATA[mahi]]>
              </value>
            </param>
            <param index="3">
              <value>
                <![CDATA[steve]]>
              </value>
            </param>
            <param index="4">
              <value>
                <![CDATA[hjb@gmail.com]]>
              </value>
            </param>
            <param index="5">
              <value>
                <![CDATA[test@6]]>
              </value>
            </param>
            <param index="6">
              <value>
                <![CDATA[1234567896]]>
              </value>
            </param>
          </params>
          <reporter-output>
          </reporter-output>
        </test-method> <!-- testPostUsers -->
        <test-method signature="testDeleteusers(java.lang.String)[pri:2, instance:api.test.DDTest@479d31f3]" started-at="2023-06-05T13:21:11 IST" name="testDeleteusers" data-provider="UserNames" finished-at="2023-06-05T13:21:13 IST" duration-ms="1377" status="PASS">
          <params>
            <param index="0">
              <value>
                <![CDATA[testuser1]]>
              </value>
            </param>
          </params>
          <reporter-output>
          </reporter-output>
        </test-method> <!-- testDeleteusers -->
        <test-method signature="testDeleteusers(java.lang.String)[pri:2, instance:api.test.DDTest@479d31f3]" started-at="2023-06-05T13:21:13 IST" name="testDeleteusers" data-provider="UserNames" finished-at="2023-06-05T13:21:14 IST" duration-ms="1411" status="PASS">
          <params>
            <param index="0">
              <value>
                <![CDATA[testuser2]]>
              </value>
            </param>
          </params>
          <reporter-output>
          </reporter-output>
        </test-method> <!-- testDeleteusers -->
        <test-method signature="testDeleteusers(java.lang.String)[pri:2, instance:api.test.DDTest@479d31f3]" started-at="2023-06-05T13:21:14 IST" name="testDeleteusers" data-provider="UserNames" finished-at="2023-06-05T13:21:15 IST" duration-ms="1424" status="PASS">
          <params>
            <param index="0">
              <value>
                <![CDATA[testuser3]]>
              </value>
            </param>
          </params>
          <reporter-output>
          </reporter-output>
        </test-method> <!-- testDeleteusers -->
      </class> <!-- api.test.DDTest -->
      <class name="api.test.UserTests">
        <test-method is-config="true" signature="setUp()[pri:0, instance:api.test.UserTests@333291e3]" started-at="2023-06-05T13:21:00 IST" name="setUp" finished-at="2023-06-05T13:21:00 IST" duration-ms="54" status="PASS">
          <reporter-output>
          </reporter-output>
        </test-method> <!-- setUp -->
        <test-method signature="testPostUser()[pri:1, instance:api.test.UserTests@333291e3]" started-at="2023-06-05T13:21:00 IST" name="testPostUser" finished-at="2023-06-05T13:21:01 IST" duration-ms="1428" status="PASS">
          <reporter-output>
          </reporter-output>
        </test-method> <!-- testPostUser -->
        <test-method signature="testGetUser()[pri:2, instance:api.test.UserTests@333291e3]" started-at="2023-06-05T13:21:01 IST" name="testGetUser" finished-at="2023-06-05T13:21:03 IST" duration-ms="1434" status="PASS">
          <reporter-output>
          </reporter-output>
        </test-method> <!-- testGetUser -->
        <test-method signature="testUpdateUser()[pri:3, instance:api.test.UserTests@333291e3]" started-at="2023-06-05T13:21:03 IST" name="testUpdateUser" finished-at="2023-06-05T13:21:04 IST" duration-ms="1439" status="PASS">
          <reporter-output>
          </reporter-output>
        </test-method> <!-- testUpdateUser -->
        <test-method signature="testDeleteUser()[pri:4, instance:api.test.UserTests@333291e3]" started-at="2023-06-05T13:21:04 IST" name="testDeleteUser" finished-at="2023-06-05T13:21:06 IST" duration-ms="1432" status="PASS">
          <reporter-output>
          </reporter-output>
        </test-method> <!-- testDeleteUser -->
      </class> <!-- api.test.UserTests -->
    </test> <!-- Test -->
  </suite> <!-- Suite -->
</testng-results>
