<?xml version="1.0" encoding="UTF-8"?>
<testsuite xmlns:xsi="http://www.w3.org/2001/XMLSchema-instance" xsi:noNamespaceSchemaLocation="https://maven.apache.org/surefire/maven-surefire-plugin/xsd/surefire-test-report-3.0.xsd" version="3.0" name="TestSuite" time="25.753" tests="14" errors="0" skipped="0" failures="0">
  <properties>
[...]
</properties>
  <testcase name="testPostUser" classname="api.test.UserTests_Properties" time="3.585">
    <system-out><![CDATA[DEBUG StatusConsoleListener Apache Log4j Core 2.20 initializing configuration XmlConfiguration[location=C:\Users\Dell\eclipse-workspace\Project3_FrameWork_RestAssured\target\test-classes\log4j2.xml]
WARN StatusConsoleListener The use of package scanning to locate plugins is deprecated and will be removed in a future release
DEBUG StatusConsoleListener Took 0.002956 seconds to load 0 plugins from package org.apache.logging.log4j.test
DEBUG StatusConsoleListener PluginManager 'Core' found 130 plugins
WARN StatusConsoleListener The use of package scanning to locate plugins is deprecated and will be removed in a future release
DEBUG StatusConsoleListener PluginManager 'Level' found 0 plugins
DEBUG StatusConsoleListener Building Plugin[name=property, class=org.apache.logging.log4j.core.config.Property].
DEBUG StatusConsoleListener PluginManager 'TypeConverter' found 26 plugins
DEBUG StatusConsoleListener createProperty(name="basePath", value="./logs", Configuration(RoutingTest))
DEBUG StatusConsoleListener Building Plugin[name=properties, class=org.apache.logging.log4j.core.config.PropertiesPlugin].
DEBUG StatusConsoleListener configureSubstitutor(={basePath=./logs}, Configuration(RoutingTest))
WARN StatusConsoleListener The use of package scanning to locate plugins is deprecated and will be removed in a future release
DEBUG StatusConsoleListener PluginManager 'Lookup' found 16 plugins
DEBUG StatusConsoleListener Building Plugin[name=filter, class=org.apache.logging.log4j.core.filter.ThresholdFilter].
DEBUG StatusConsoleListener createFilter(level="DEBUG", onMatch="null", onMismatch="null")
DEBUG StatusConsoleListener Building Plugin[name=layout, class=org.apache.logging.log4j.core.layout.PatternLayout].
DEBUG StatusConsoleListener PatternLayout$Builder(pattern="%d{HH:mm:ss.SSS} [%t] %-5level %logger{36} -%msg%n", PatternSelector=null, Configuration(RoutingTest), Replace=null, charset="null", alwaysWriteExceptions="null", disableAnsi="null", noConsoleNoAnsi="null", header="null", footer="null")
WARN StatusConsoleListener The use of package scanning to locate plugins is deprecated and will be removed in a future release
DEBUG StatusConsoleListener PluginManager 'Converter' found 45 plugins
DEBUG StatusConsoleListener Building Plugin[name=appender, class=org.apache.logging.log4j.core.appender.ConsoleAppender].
DEBUG StatusConsoleListener ConsoleAppender$Builder(target="SYSTEM_OUT", follow="null", direct="null", bufferedIo="null", bufferSize="null", immediateFlush="null", ignoreExceptions="null", PatternLayout(%d{HH:mm:ss.SSS} [%t] %-5level %logger{36} -%msg%n), name="console", Configuration(RoutingTest), Filter=null, ={})
DEBUG StatusConsoleListener Starting OutputStreamManager SYSTEM_OUT.false.false
DEBUG StatusConsoleListener Building Plugin[name=layout, class=org.apache.logging.log4j.core.layout.PatternLayout].
DEBUG StatusConsoleListener PatternLayout$Builder(pattern="%d{HH:mm:ss.SSS} [%t] %-5level %logger{36} -%msg%n", PatternSelector=null, Configuration(RoutingTest), Replace=null, charset="null", alwaysWriteExceptions="null", disableAnsi="null", noConsoleNoAnsi="null", header="null", footer="null")
DEBUG StatusConsoleListener Building Plugin[name=SizeBasedTriggeringPolicy, class=org.apache.logging.log4j.core.appender.rolling.SizeBasedTriggeringPolicy].
DEBUG StatusConsoleListener createPolicy(size="50000")
DEBUG StatusConsoleListener Building Plugin[name=appender, class=org.apache.logging.log4j.core.appender.RollingFileAppender].
DEBUG StatusConsoleListener RollingFileAppender$Builder(fileName="./logs/automation.log", filePattern="./logs/automation-%d{yyyy-MM-dd}.log", append="null", locking="null", SizeBasedTriggeringPolicy(SizeBasedTriggeringPolicy(size=50000)), Strategy=null, advertise="null", advertiseUri="null", createOnDemand="null", filePermissions="null", fileOwner="null", fileGroup="null", bufferedIo="null", bufferSize="null", immediateFlush="null", ignoreExceptions="null", PatternLayout(%d{HH:mm:ss.SSS} [%t] %-5level %logger{36} -%msg%n), name="File", Configuration(RoutingTest), Filter=null, ={})
DEBUG StatusConsoleListener Returning file creation time for C:\Users\Dell\eclipse-workspace\Project3_FrameWork_RestAssured\.\logs\automation.log
DEBUG StatusConsoleListener Starting RollingFileManager ./logs/automation.log
DEBUG StatusConsoleListener PluginManager 'FileConverter' found 2 plugins
DEBUG StatusConsoleListener Setting prev file time to 2023-06-05T10:39:33.755+0530
DEBUG StatusConsoleListener Initializing triggering policy SizeBasedTriggeringPolicy(size=50000)
DEBUG StatusConsoleListener Building Plugin[name=appenders, class=org.apache.logging.log4j.core.config.AppendersPlugin].
DEBUG StatusConsoleListener createAppenders(={console, File})
DEBUG StatusConsoleListener Building Plugin[name=AppenderRef, class=org.apache.logging.log4j.core.config.AppenderRef].
DEBUG StatusConsoleListener createAppenderRef(ref="File", level="null", Filter=null)
DEBUG StatusConsoleListener Building Plugin[name=root, class=org.apache.logging.log4j.core.config.LoggerConfig$RootLogger].
DEBUG StatusConsoleListener LoggerConfig$RootLogger$Builder(additivity="null", level="INFO", levelAndRefs="null", includeLocation="null", ={File}, ={}, Configuration(RoutingTest), Filter=null)
DEBUG StatusConsoleListener Building Plugin[name=loggers, class=org.apache.logging.log4j.core.config.LoggersPlugin].
DEBUG StatusConsoleListener createLoggers(={root})
DEBUG StatusConsoleListener Configuration XmlConfiguration[location=C:\Users\Dell\eclipse-workspace\Project3_FrameWork_RestAssured\target\test-classes\log4j2.xml] initialized
DEBUG StatusConsoleListener Starting configuration XmlConfiguration[location=C:\Users\Dell\eclipse-workspace\Project3_FrameWork_RestAssured\target\test-classes\log4j2.xml]
DEBUG StatusConsoleListener Started configuration XmlConfiguration[location=C:\Users\Dell\eclipse-workspace\Project3_FrameWork_RestAssured\target\test-classes\log4j2.xml] OK.
DEBUG StatusConsoleListener Shutting down OutputStreamManager SYSTEM_OUT.false.false-1
DEBUG StatusConsoleListener OutputStream closed
DEBUG StatusConsoleListener Shut down OutputStreamManager SYSTEM_OUT.false.false-1, all resources released: true
DEBUG StatusConsoleListener Appender DefaultConsole-1 stopped with status true
DEBUG StatusConsoleListener Stopped org.apache.logging.log4j.core.config.DefaultConfiguration@b27b210 OK
DEBUG StatusConsoleListener Registering MBean org.apache.logging.log4j2:type=73d16e93
DEBUG StatusConsoleListener Registering MBean org.apache.logging.log4j2:type=73d16e93,component=StatusLogger
DEBUG StatusConsoleListener Registering MBean org.apache.logging.log4j2:type=73d16e93,component=ContextSelector
DEBUG StatusConsoleListener Registering MBean org.apache.logging.log4j2:type=73d16e93,component=Loggers,name=
DEBUG StatusConsoleListener Registering MBean org.apache.logging.log4j2:type=73d16e93,component=Appenders,name=console
DEBUG StatusConsoleListener Registering MBean org.apache.logging.log4j2:type=73d16e93,component=Appenders,name=File
DEBUG StatusConsoleListener org.apache.logging.log4j.core.util.SystemClock supports precise timestamps.
DEBUG StatusConsoleListener Reconfiguration complete for context[name=73d16e93] at URI C:\Users\Dell\eclipse-workspace\Project3_FrameWork_RestAssured\target\test-classes\log4j2.xml (org.apache.logging.log4j.core.LoggerContext@40bf4386) with optional ClassLoader: null
DEBUG StatusConsoleListener Shutdown hook enabled. Registering a new one.
DEBUG StatusConsoleListener LoggerContext[name=73d16e93, org.apache.logging.log4j.core.LoggerContext@40bf4386] started OK.
HTTP/1.1 200 OK
Date: Mon, 05 Jun 2023 07:03:01 GMT
Content-Type: application/json
Transfer-Encoding: chunked
Connection: keep-alive
Access-Control-Allow-Origin: *
Access-Control-Allow-Methods: GET, POST, DELETE, PUT
Access-Control-Allow-Headers: Content-Type, api_key, Authorization
Server: Jetty(9.2.9.v20150224)

{
    "code": 200,
    "type": "unknown",
    "message": "1070501849"
}
]]></system-out>
    <system-err><![CDATA[SLF4J: Failed to load class "org.slf4j.impl.StaticLoggerBinder".
SLF4J: Defaulting to no-operation (NOP) logger implementation
SLF4J: See http://www.slf4j.org/codes.html#StaticLoggerBinder for further details.
]]></system-err>
  </testcase>
  <testcase name="testGetUser" classname="api.test.UserTests_Properties" time="1.466">
    <system-out><![CDATA[HTTP/1.1 200 OK
Date: Mon, 05 Jun 2023 07:03:03 GMT
Content-Type: application/json
Transfer-Encoding: chunked
Connection: keep-alive
Access-Control-Allow-Origin: *
Access-Control-Allow-Methods: GET, POST, DELETE, PUT
Access-Control-Allow-Headers: Content-Type, api_key, Authorization
Server: Jetty(9.2.9.v20150224)

{
    "id": 1070501849,
    "username": "ramona.yundt",
    "firstName": "Andra",
    "lastName": "Sauer",
    "email": "mack.bogan@example.com",
    "password": "8x49n",
    "phone": "352-340-2070",
    "userStatus": 0
}
]]></system-out>
  </testcase>
  <testcase name="testUpdateUser" classname="api.test.UserTests_Properties" time="1.459">
    <system-out><![CDATA[HTTP/1.1 200 OK
Date: Mon, 05 Jun 2023 07:03:04 GMT
Content-Type: application/json
Transfer-Encoding: chunked
Connection: keep-alive
Access-Control-Allow-Origin: *
Access-Control-Allow-Methods: GET, POST, DELETE, PUT
Access-Control-Allow-Headers: Content-Type, api_key, Authorization
Server: Jetty(9.2.9.v20150224)

{
    "code": 200,
    "type": "unknown",
    "message": "1070501849"
}
]]></system-out>
  </testcase>
  <testcase name="testDeleteUser" classname="api.test.UserTests_Properties" time="1.395">
    <system-out><![CDATA[HTTP/1.1 200 OK
Date: Mon, 05 Jun 2023 07:03:06 GMT
Content-Type: application/json
Transfer-Encoding: chunked
Connection: keep-alive
Access-Control-Allow-Origin: *
Access-Control-Allow-Methods: GET, POST, DELETE, PUT
Access-Control-Allow-Headers: Content-Type, api_key, Authorization
Server: Jetty(9.2.9.v20150224)

{
    "code": 200,
    "type": "unknown",
    "message": "ramona.yundt"
}
]]></system-out>
  </testcase>
  <testcase name="testPostUser" classname="api.test.UserTests" time="1.468">
    <system-out><![CDATA[HTTP/1.1 200 OK
Date: Mon, 05 Jun 2023 07:03:07 GMT
Content-Type: application/json
Transfer-Encoding: chunked
Connection: keep-alive
Access-Control-Allow-Origin: *
Access-Control-Allow-Methods: GET, POST, DELETE, PUT
Access-Control-Allow-Headers: Content-Type, api_key, Authorization
Server: Jetty(9.2.9.v20150224)

{
    "code": 200,
    "type": "unknown",
    "message": "1853858992"
}
]]></system-out>
  </testcase>
  <testcase name="testGetUser" classname="api.test.UserTests" time="1.42">
    <system-out><![CDATA[HTTP/1.1 200 OK
Date: Mon, 05 Jun 2023 07:03:09 GMT
Content-Type: application/json
Transfer-Encoding: chunked
Connection: keep-alive
Access-Control-Allow-Origin: *
Access-Control-Allow-Methods: GET, POST, DELETE, PUT
Access-Control-Allow-Headers: Content-Type, api_key, Authorization
Server: Jetty(9.2.9.v20150224)

{
    "id": 1853858992,
    "username": "buddy.buckridge",
    "firstName": "Carmelina",
    "lastName": "Borer",
    "email": "darla.schmidt@example.com",
    "password": "oyh70",
    "phone": "1-423-598-8566",
    "userStatus": 0
}
]]></system-out>
  </testcase>
  <testcase name="testUpdateUser" classname="api.test.UserTests" time="1.428">
    <system-out><![CDATA[HTTP/1.1 200 OK
Date: Mon, 05 Jun 2023 07:03:10 GMT
Content-Type: application/json
Transfer-Encoding: chunked
Connection: keep-alive
Access-Control-Allow-Origin: *
Access-Control-Allow-Methods: GET, POST, DELETE, PUT
Access-Control-Allow-Headers: Content-Type, api_key, Authorization
Server: Jetty(9.2.9.v20150224)

{
    "code": 200,
    "type": "unknown",
    "message": "1853858992"
}
]]></system-out>
  </testcase>
  <testcase name="testDeleteUser" classname="api.test.UserTests" time="1.396">
    <system-out><![CDATA[HTTP/1.1 200 OK
Date: Mon, 05 Jun 2023 07:03:12 GMT
Content-Type: application/json
Transfer-Encoding: chunked
Connection: keep-alive
Access-Control-Allow-Origin: *
Access-Control-Allow-Methods: GET, POST, DELETE, PUT
Access-Control-Allow-Headers: Content-Type, api_key, Authorization
Server: Jetty(9.2.9.v20150224)

{
    "code": 200,
    "type": "unknown",
    "message": "buddy.buckridge"
}
]]></system-out>
  </testcase>
  <testcase name="testPostUsers[1011, testuser1, viji, reddy, asd@gmail.com, test@4, 1234567899](1)" classname="api.test.DDTest" time="1.424">
    <system-out><![CDATA[HTTP/1.1 200 OK
Date: Mon, 05 Jun 2023 07:03:14 GMT
Content-Type: application/json
Transfer-Encoding: chunked
Connection: keep-alive
Access-Control-Allow-Origin: *
Access-Control-Allow-Methods: GET, POST, DELETE, PUT
Access-Control-Allow-Headers: Content-Type, api_key, Authorization
Server: Jetty(9.2.9.v20150224)

{
    "code": 200,
    "type": "unknown",
    "message": "1011"
}
]]></system-out>
  </testcase>
  <testcase name="testPostUsers[1021, testuser2, ravi, sharma, cvd@gmail.com, test@5, 1234567898](2)" classname="api.test.DDTest" time="1.459">
    <system-out><![CDATA[HTTP/1.1 200 OK
Date: Mon, 05 Jun 2023 07:03:16 GMT
Content-Type: application/json
Transfer-Encoding: chunked
Connection: keep-alive
Access-Control-Allow-Origin: *
Access-Control-Allow-Methods: GET, POST, DELETE, PUT
Access-Control-Allow-Headers: Content-Type, api_key, Authorization
Server: Jetty(9.2.9.v20150224)

{
    "code": 200,
    "type": "unknown",
    "message": "1021"
}
]]></system-out>
  </testcase>
  <testcase name="testPostUsers[1031, testuser3, mahi, steve, hjb@gmail.com, test@6, 1234567896](3)" classname="api.test.DDTest" time="1.428">
    <system-out><![CDATA[HTTP/1.1 200 OK
Date: Mon, 05 Jun 2023 07:03:17 GMT
Content-Type: application/json
Transfer-Encoding: chunked
Connection: keep-alive
Access-Control-Allow-Origin: *
Access-Control-Allow-Methods: GET, POST, DELETE, PUT
Access-Control-Allow-Headers: Content-Type, api_key, Authorization
Server: Jetty(9.2.9.v20150224)

{
    "code": 200,
    "type": "unknown",
    "message": "1031"
}
]]></system-out>
  </testcase>
  <testcase name="testDeleteusers[testuser1](1)" classname="api.test.DDTest" time="1.443">
    <system-out><![CDATA[HTTP/1.1 200 OK
Date: Mon, 05 Jun 2023 07:03:19 GMT
Content-Type: application/json
Transfer-Encoding: chunked
Connection: keep-alive
Access-Control-Allow-Origin: *
Access-Control-Allow-Methods: GET, POST, DELETE, PUT
Access-Control-Allow-Headers: Content-Type, api_key, Authorization
Server: Jetty(9.2.9.v20150224)

{
    "code": 200,
    "type": "unknown",
    "message": "testuser1"
}
]]></system-out>
  </testcase>
  <testcase name="testDeleteusers[testuser2](2)" classname="api.test.DDTest" time="1.441">
    <system-out><![CDATA[HTTP/1.1 200 OK
Date: Mon, 05 Jun 2023 07:03:20 GMT
Content-Type: application/json
Transfer-Encoding: chunked
Connection: keep-alive
Access-Control-Allow-Origin: *
Access-Control-Allow-Methods: GET, POST, DELETE, PUT
Access-Control-Allow-Headers: Content-Type, api_key, Authorization
Server: Jetty(9.2.9.v20150224)

{
    "code": 200,
    "type": "unknown",
    "message": "testuser2"
}
]]></system-out>
  </testcase>
  <testcase name="testDeleteusers[testuser3](3)" classname="api.test.DDTest" time="1.402">
    <system-out><![CDATA[HTTP/1.1 200 OK
Date: Mon, 05 Jun 2023 07:03:22 GMT
Content-Type: application/json
Transfer-Encoding: chunked
Connection: keep-alive
Access-Control-Allow-Origin: *
Access-Control-Allow-Methods: GET, POST, DELETE, PUT
Access-Control-Allow-Headers: Content-Type, api_key, Authorization
Server: Jetty(9.2.9.v20150224)

{
    "code": 200,
    "type": "unknown",
    "message": "testuser3"
}
]]></system-out>
  </testcase>
</testsuite>