<?xml version="1.0" encoding="UTF-8"?>
<testng-results ignored="0" total="14" passed="14" failed="0" skipped="0">
  <reporter-output>
  </reporter-output>
  <suite started-at="2023-06-05T12:14:57 IST" name="Suite" finished-at="2023-06-05T12:15:24 IST" duration-ms="27170">
    <groups>
    </groups>
    <test started-at="2023-06-05T12:14:57 IST" name="Test" finished-at="2023-06-05T12:15:24 IST" duration-ms="27170">
      <class name="api.test.UserTests_Properties">
        <test-method is-config="true" signature="setUp()[pri:0, instance:api.test.UserTests_Properties@5f058f00]" started-at="2023-06-05T12:14:57 IST" name="setUp" finished-at="2023-06-05T12:14:58 IST" duration-ms="969" status="PASS">
          <reporter-output>
          </reporter-output>
        </test-method> <!-- setUp -->
        <test-method signature="testPostUser()[pri:1, instance:api.test.UserTests_Properties@5f058f00]" started-at="2023-06-05T12:14:58 IST" name="testPostUser" finished-at="2023-06-05T12:15:02 IST" duration-ms="3841" status="PASS">
          <reporter-output>
          </reporter-output>
        </test-method> <!-- testPostUser -->
        <test-method signature="testGetUser()[pri:2, instance:api.test.UserTests_Properties@5f058f00]" started-at="2023-06-05T12:15:02 IST" name="testGetUser" finished-at="2023-06-05T12:15:03 IST" duration-ms="1575" status="PASS">
          <reporter-output>
          </reporter-output>
        </test-method> <!-- testGetUser -->
        <test-method signature="testUpdateUser()[pri:3, instance:api.test.UserTests_Properties@5f058f00]" started-at="2023-06-05T12:15:03 IST" name="testUpdateUser" finished-at="2023-06-05T12:15:05 IST" duration-ms="1629" status="PASS">
          <reporter-output>
          </reporter-output>
        </test-method> <!-- testUpdateUser -->
        <test-method signature="testDeleteUser()[pri:4, instance:api.test.UserTests_Properties@5f058f00]" started-at="2023-06-05T12:15:05 IST" name="testDeleteUser" finished-at="2023-06-05T12:15:06 IST" duration-ms="1534" status="PASS">
          <reporter-output>
          </reporter-output>
        </test-method> <!-- testDeleteUser -->
      </class> <!-- api.test.UserTests_Properties -->
      <class name="api.test.UserTests">
        <test-method is-config="true" signature="setUp()[pri:0, instance:api.test.UserTests@6e171cd7]" started-at="2023-06-05T12:15:06 IST" name="setUp" finished-at="2023-06-05T12:15:07 IST" duration-ms="80" status="PASS">
          <reporter-output>
          </reporter-output>
        </test-method> <!-- setUp -->
        <test-method signature="testPostUser()[pri:1, instance:api.test.UserTests@6e171cd7]" started-at="2023-06-05T12:15:07 IST" name="testPostUser" finished-at="2023-06-05T12:15:08 IST" duration-ms="1653" status="PASS">
          <reporter-output>
          </reporter-output>
        </test-method> <!-- testPostUser -->
        <test-method signature="testGetUser()[pri:2, instance:api.test.UserTests@6e171cd7]" started-at="2023-06-05T12:15:08 IST" name="testGetUser" finished-at="2023-06-05T12:15:10 IST" duration-ms="1634" status="PASS">
          <reporter-output>
          </reporter-output>
        </test-method> <!-- testGetUser -->
        <test-method signature="testUpdateUser()[pri:3, instance:api.test.UserTests@6e171cd7]" started-at="2023-06-05T12:15:10 IST" name="testUpdateUser" finished-at="2023-06-05T12:15:11 IST" duration-ms="1631" status="PASS">
          <reporter-output>
          </reporter-output>
        </test-method> <!-- testUpdateUser -->
        <test-method signature="testDeleteUser()[pri:4, instance:api.test.UserTests@6e171cd7]" started-at="2023-06-05T12:15:11 IST" name="testDeleteUser" finished-at="2023-06-05T12:15:13 IST" duration-ms="1625" status="PASS">
          <reporter-output>
          </reporter-output>
        </test-method> <!-- testDeleteUser -->
      </class> <!-- api.test.UserTests -->
      <class name="api.test.DDTest">
        <test-method signature="testPostUsers(java.lang.String,java.lang.String,java.lang.String,java.lang.String,java.lang.String,java.lang.String,java.lang.String)[pri:1, instance:api.test.DDTest@402bba4f]" started-at="2023-06-05T12:15:14 IST" name="testPostUsers" data-provider="data" finished-at="2023-06-05T12:15:16 IST" duration-ms="1608" status="PASS">
          <params>
            <param index="0">
              <value>
                <![CDATA[1011]]>
              </value>
            </param>
            <param index="1">
              <value>
                <![CDATA[testuser1]]>
              </value>
            </param>
            <param index="2">
              <value>
                <![CDATA[viji]]>
              </value>
            </param>
            <param index="3">
              <value>
                <![CDATA[reddy]]>
              </value>
            </param>
            <param index="4">
              <value>
                <![CDATA[asd@gmail.com]]>
              </value>
            </param>
            <param index="5">
              <value>
                <![CDATA[test@4]]>
              </value>
            </param>
            <param index="6">
              <value>
                <![CDATA[1234567899]]>
              </value>
            </param>
          </params>
          <reporter-output>
          </reporter-output>
        </test-method> <!-- testPostUsers -->
        <test-method signature="testPostUsers(java.lang.String,java.lang.String,java.lang.String,java.lang.String,java.lang.String,java.lang.String,java.lang.String)[pri:1, instance:api.test.DDTest@402bba4f]" started-at="2023-06-05T12:15:16 IST" name="testPostUsers" data-provider="data" finished-at="2023-06-05T12:15:17 IST" duration-ms="1534" status="PASS">
          <params>
            <param index="0">
              <value>
                <![CDATA[1021]]>
              </value>
            </param>
            <param index="1">
              <value>
                <![CDATA[testuser2]]>
              </value>
            </param>
            <param index="2">
              <value>
                <![CDATA[ravi]]>
              </value>
            </param>
            <param index="3">
              <value>
                <![CDATA[sharma]]>
              </value>
            </param>
            <param index="4">
              <value>
                <![CDATA[cvd@gmail.com]]>
              </value>
            </param>
            <param index="5">
              <value>
                <![CDATA[test@5]]>
              </value>
            </param>
            <param index="6">
              <value>
                <![CDATA[1234567898]]>
              </value>
            </param>
          </params>
          <reporter-output>
          </reporter-output>
        </test-method> <!-- testPostUsers -->
        <test-method signature="testPostUsers(java.lang.String,java.lang.String,java.lang.String,java.lang.String,java.lang.String,java.lang.String,java.lang.String)[pri:1, instance:api.test.DDTest@402bba4f]" started-at="2023-06-05T12:15:17 IST" name="testPostUsers" data-provider="data" finished-at="2023-06-05T12:15:19 IST" duration-ms="1528" status="PASS">
          <params>
            <param index="0">
              <value>
                <![CDATA[1031]]>
              </value>
            </param>
            <param index="1">
              <value>
                <![CDATA[testuser3]]>
              </value>
            </param>
            <param index="2">
              <value>
                <![CDATA[mahi]]>
              </value>
            </param>
            <param index="3">
              <value>
                <![CDATA[steve]]>
              </value>
            </param>
            <param index="4">
              <value>
                <![CDATA[hjb@gmail.com]]>
              </value>
            </param>
            <param index="5">
              <value>
                <![CDATA[test@6]]>
              </value>
            </param>
            <param index="6">
              <value>
                <![CDATA[1234567896]]>
              </value>
            </param>
          </params>
          <reporter-output>
          </reporter-output>
        </test-method> <!-- testPostUsers -->
        <test-method signature="testDeleteusers(java.lang.String)[pri:2, instance:api.test.DDTest@402bba4f]" started-at="2023-06-05T12:15:19 IST" name="testDeleteusers" data-provider="UserNames" finished-at="2023-06-05T12:15:20 IST" duration-ms="1569" status="PASS">
          <params>
            <param index="0">
              <value>
                <![CDATA[testuser1]]>
              </value>
            </param>
          </params>
          <reporter-output>
          </reporter-output>
        </test-method> <!-- testDeleteusers -->
        <test-method signature="testDeleteusers(java.lang.String)[pri:2, instance:api.test.DDTest@402bba4f]" started-at="2023-06-05T12:15:20 IST" name="testDeleteusers" data-provider="UserNames" finished-at="2023-06-05T12:15:22 IST" duration-ms="1738" status="PASS">
          <params>
            <param index="0">
              <value>
                <![CDATA[testuser2]]>
              </value>
            </param>
          </params>
          <reporter-output>
          </reporter-output>
        </test-method> <!-- testDeleteusers -->
        <test-method signature="testDeleteusers(java.lang.String)[pri:2, instance:api.test.DDTest@402bba4f]" started-at="2023-06-05T12:15:22 IST" name="testDeleteusers" data-provider="UserNames" finished-at="2023-06-05T12:15:24 IST" duration-ms="1535" status="PASS">
          <params>
            <param index="0">
              <value>
                <![CDATA[testuser3]]>
              </value>
            </param>
          </params>
          <reporter-output>
          </reporter-output>
        </test-method> <!-- testDeleteusers -->
      </class> <!-- api.test.DDTest -->
    </test> <!-- Test -->
  </suite> <!-- Suite -->
</testng-results>
